<?xml version="1.0" encoding="utf-8"?><testsuites name="pytest tests"><testsuite name="pytest" errors="0" failures="0" skipped="0" tests="16" time="4.645" timestamp="2026-06-04T05:07:08.581635+00:00" hostname="agent-env-2dab5c1f-4f31-4adb-b6d9-f2c6333fb8d5"><testcase classname="backend.tests.test_multiorg_billing.TestAuthAndOrgs" name="test_login_returns_token_and_org_id" time="0.404" /><testcase classname="backend.tests.test_multiorg_billing.TestAuthAndOrgs" name="test_list_orgs_has_vijay" time="0.110" /><testcase classname="backend.tests.test_multiorg_billing.TestCreateOrgAndIsolation" name="test_new_org_trial_state" time="0.103" /><testcase classname="backend.tests.test_multiorg_billing.TestCreateOrgAndIsolation" name="test_user_now_has_two_orgs" time="0.106" /><testcase classname="backend.tests.test_multiorg_billing.TestCreateOrgAndIsolation" name="test_isolation_parties_empty_in_new_org" time="0.101" /><testcase classname="backend.tests.test_multiorg_billing.TestCreateOrgAndIsolation" name="test_isolation_vijay_has_seeded_parties" time="0.213" /><testcase classname="backend.tests.test_multiorg_billing.TestCreateOrgAndIsolation" name="test_isolation_create_party_does_not_leak" time="0.332" /><testcase classname="backend.tests.test_multiorg_billing.TestBilling" name="test_plans" time="0.107" /><testcase classname="backend.tests.test_multiorg_billing.TestBilling" name="test_status_for_vijay" time="0.118" /><testcase classname="backend.tests.test_multiorg_billing.TestBilling" name="test_subscribe_mock_then_activate" time="0.320" /><testcase classname="backend.tests.test_multiorg_billing.TestMembers" name="test_list_members_vijay_has_three" time="0.096" /><testcase classname="backend.tests.test_multiorg_billing.TestMembers" name="test_invite_and_remove" time="1.008" /><testcase classname="backend.tests.test_multiorg_billing.TestRoleGuard" name="test_sales_cannot_delete_invoice" time="0.542" /><testcase classname="backend.tests.test_multiorg_billing.TestPDF" name="test_pdf_with_org_id" time="0.258" /><testcase classname="backend.tests.test_multiorg_billing.TestPDF" name="test_pdf_without_org_id_still_works_via_fallback" time="0.219" /><testcase classname="backend.tests.test_multiorg_billing.TestSubscriptionGuard" name="test_writes_402_when_trial_expired" time="0.509" /></testsuite></testsuites>