<?xml version="1.0" encoding="utf-8"?><testsuites name="pytest tests"><testsuite name="pytest" errors="0" failures="0" skipped="0" tests="22" time="9.852" timestamp="2026-06-18T13:52:02.850605+00:00" hostname="agent-env-2dab5c1f-4f31-4adb-b6d9-f2c6333fb8d5"><testcase classname="backend.tests.test_iter8_retest.TestBillingStatus" name="test_status_trialing_active" time="0.432" /><testcase classname="backend.tests.test_iter8_retest.TestBillingStatus" name="test_subscribe_preserves_trialing" time="0.150" /><testcase classname="backend.tests.test_iter8_retest.TestWritesUnblocked" name="test_post_party" time="0.100" /><testcase classname="backend.tests.test_iter8_retest.TestWritesUnblocked" name="test_post_product" time="0.096" /><testcase classname="backend.tests.test_iter8_retest.TestWritesUnblocked" name="test_post_expense" time="0.099" /><testcase classname="backend.tests.test_iter8_retest.TestWritesUnblocked" name="test_post_payment" time="0.198" /><testcase classname="backend.tests.test_iter8_retest.TestWritesUnblocked" name="test_post_invoice_then_purchase" time="0.547" /><testcase classname="backend.tests.test_iter8_retest.TestGstrDefaults" name="test_gstr1_no_param" time="0.050" /><testcase classname="backend.tests.test_iter8_retest.TestGstrDefaults" name="test_gstr3b_no_param" time="0.047" /><testcase classname="backend.tests.test_iter8_retest.TestGstrDefaults" name="test_gstr1_with_param_still_works" time="0.046" /><testcase classname="backend.tests.test_iter8_retest.TestAiSmoke" name="test_hsn_finder" time="3.690" /><testcase classname="backend.tests.test_iter8_retest.TestAiSmoke" name="test_categorize_expense" time="3.466" /><testcase classname="backend.tests.test_iter8_retest.TestQuickSanity" name="test_reports[pl]" time="0.057" /><testcase classname="backend.tests.test_iter8_retest.TestQuickSanity" name="test_reports[balance-sheet]" time="0.049" /><testcase classname="backend.tests.test_iter8_retest.TestQuickSanity" name="test_reports[cash-flow]" time="0.048" /><testcase classname="backend.tests.test_iter8_retest.TestQuickSanity" name="test_reports[trial-balance]" time="0.050" /><testcase classname="backend.tests.test_iter8_retest.TestQuickSanity" name="test_reports[day-book]" time="0.048" /><testcase classname="backend.tests.test_iter8_retest.TestQuickSanity" name="test_reports[stock]" time="0.048" /><testcase classname="backend.tests.test_iter8_retest.TestQuickSanity" name="test_super_orgs" time="0.403" /><testcase classname="backend.tests.test_iter8_retest.TestQuickSanity" name="test_super_users" time="0.046" /><testcase classname="backend.tests.test_iter8_retest.TestQuickSanity" name="test_super_payment_settings" time="0.049" /><testcase classname="backend.tests.test_iter8_retest.TestQuickSanity" name="test_super_launch_offer" time="0.045" /></testsuite></testsuites>