<?xml version="1.0" encoding="utf-8"?><testsuites name="pytest tests"><testsuite name="pytest" errors="0" failures="0" skipped="0" tests="42" time="10.556" timestamp="2026-06-16T09:03:13.365404+00:00" hostname="agent-env-2dab5c1f-4f31-4adb-b6d9-f2c6333fb8d5"><testcase classname="backend.tests.test_billeasy.TestAuth" name="test_login_owner" time="0.912" /><testcase classname="backend.tests.test_billeasy.TestAuth" name="test_login_bad" time="0.315" /><testcase classname="backend.tests.test_billeasy.TestAuth" name="test_me" time="0.126" /><testcase classname="backend.tests.test_billeasy.TestAuth" name="test_me_no_auth" time="0.134" /><testcase classname="backend.tests.test_billeasy.TestDashboard" name="test_dashboard" time="0.149" /><testcase classname="backend.tests.test_billeasy.TestParties" name="test_list_customers" time="0.143" /><testcase classname="backend.tests.test_billeasy.TestParties" name="test_list_suppliers" time="0.105" /><testcase classname="backend.tests.test_billeasy.TestParties" name="test_party_crud" time="0.614" /><testcase classname="backend.tests.test_billeasy.TestProducts" name="test_list_products" time="0.109" /><testcase classname="backend.tests.test_billeasy.TestProducts" name="test_create_product" time="0.103" /><testcase classname="backend.tests.test_billeasy.TestInvoices" name="test_list" time="0.100" /><testcase classname="backend.tests.test_billeasy.TestInvoices" name="test_create_intra_state" time="0.312" /><testcase classname="backend.tests.test_billeasy.TestInvoices" name="test_create_inter_state" time="0.290" /><testcase classname="backend.tests.test_billeasy.TestInvoices" name="test_pdf" time="0.230" /><testcase classname="backend.tests.test_billeasy.TestInvoices" name="test_sales_cannot_delete" time="0.514" /><testcase classname="backend.tests.test_billeasy.TestPurchases" name="test_create_purchase_and_stock" time="0.395" /><testcase classname="backend.tests.test_billeasy.TestPurchases" name="test_list" time="0.096" /><testcase classname="backend.tests.test_billeasy.TestPayments" name="test_record_payment_reduces_due" time="0.296" /><testcase classname="backend.tests.test_billeasy.TestGST" name="test_gstr1" time="0.095" /><testcase classname="backend.tests.test_billeasy.TestGST" name="test_gstr3b" time="0.121" /><testcase classname="backend.tests.test_billeasy.TestReports" name="test_pl" time="0.098" /><testcase classname="backend.tests.test_billeasy.TestReports" name="test_trial_balance" time="0.123" /><testcase classname="backend.tests.test_billeasy.TestReports" name="test_day_book" time="0.095" /><testcase classname="backend.tests.test_billeasy.TestReports" name="test_stock" time="0.094" /><testcase classname="backend.tests.test_billeasy.TestTDS" name="test_tds_crud" time="0.294" /><testcase classname="backend.tests.test_billeasy.TestBusiness" name="test_get_update" time="0.189" /><testcase classname="backend.tests.test_multiorg_billing.TestAuthAndOrgs" name="test_login_returns_token_and_org_id" time="0.322" /><testcase classname="backend.tests.test_multiorg_billing.TestAuthAndOrgs" name="test_list_orgs_has_vijay" time="0.110" /><testcase classname="backend.tests.test_multiorg_billing.TestCreateOrgAndIsolation" name="test_new_org_trial_state" time="0.107" /><testcase classname="backend.tests.test_multiorg_billing.TestCreateOrgAndIsolation" name="test_user_now_has_two_orgs" time="0.099" /><testcase classname="backend.tests.test_multiorg_billing.TestCreateOrgAndIsolation" name="test_isolation_parties_empty_in_new_org" time="0.098" /><testcase classname="backend.tests.test_multiorg_billing.TestCreateOrgAndIsolation" name="test_isolation_vijay_has_seeded_parties" time="0.181" /><testcase classname="backend.tests.test_multiorg_billing.TestCreateOrgAndIsolation" name="test_isolation_create_party_does_not_leak" time="0.284" /><testcase classname="backend.tests.test_multiorg_billing.TestBilling" name="test_plans" time="0.093" /><testcase classname="backend.tests.test_multiorg_billing.TestBilling" name="test_status_for_vijay" time="0.096" /><testcase classname="backend.tests.test_multiorg_billing.TestBilling" name="test_subscribe_mock_then_activate" time="0.285" /><testcase classname="backend.tests.test_multiorg_billing.TestMembers" name="test_list_members_vijay_has_three" time="0.095" /><testcase classname="backend.tests.test_multiorg_billing.TestMembers" name="test_invite_and_remove" time="0.937" /><testcase classname="backend.tests.test_multiorg_billing.TestRoleGuard" name="test_sales_cannot_delete_invoice" time="0.508" /><testcase classname="backend.tests.test_multiorg_billing.TestPDF" name="test_pdf_with_org_id" time="0.224" /><testcase classname="backend.tests.test_multiorg_billing.TestPDF" name="test_pdf_without_org_id_still_works_via_fallback" time="0.189" /><testcase classname="backend.tests.test_multiorg_billing.TestSubscriptionGuard" name="test_writes_402_when_trial_expired" time="0.675" /></testsuite></testsuites>