<?xml version="1.0" encoding="utf-8"?><testsuites name="pytest tests"><testsuite name="pytest" errors="0" failures="0" skipped="0" tests="11" time="2.465" timestamp="2026-06-16T16:55:35.238659+00:00" hostname="agent-env-2dab5c1f-4f31-4adb-b6d9-f2c6333fb8d5"><testcase classname="backend.tests.test_pricing_overhaul.TestPublicPricing" name="test_public_pricing_no_auth" time="0.535" /><testcase classname="backend.tests.test_pricing_overhaul.TestBillingPlansAuth" name="test_billing_plans_returns_tiers_addons_plans" time="0.147" /><testcase classname="backend.tests.test_pricing_overhaul.TestSubscribe" name="test_subscribe_growth_returns_mock_auth_link" time="0.110" /><testcase classname="backend.tests.test_pricing_overhaul.TestSubscribe" name="test_subscribe_enterprise_custom_returns_400" time="0.096" /><testcase classname="backend.tests.test_pricing_overhaul.TestLaunchOfferSuper" name="test_403_for_non_super_admin" time="0.238" /><testcase classname="backend.tests.test_pricing_overhaul.TestLaunchOfferSuper" name="test_enabling_without_plan_codes_returns_400" time="0.440" /><testcase classname="backend.tests.test_pricing_overhaul.TestLaunchOfferSuper" name="test_save_offer_and_public_reflects_it" time="0.233" /><testcase classname="backend.tests.test_pricing_overhaul.TestLaunchOfferSuper" name="test_super_get_launch_offer" time="0.098" /><testcase classname="backend.tests.test_pricing_overhaul.TestLaunchOfferSuper" name="test_disable_offer_resets_active" time="0.199" /><testcase classname="backend.tests.test_pricing_overhaul.TestLegacyPlanDetection" name="test_needs_replan_flag_via_mongo_mutation" time="0.108" /><testcase classname="backend.tests.test_pricing_overhaul.TestLegacyPlanDetection" name="test_no_needs_replan_for_valid_plan" time="0.104" /></testsuite></testsuites>