<?xml version="1.0" encoding="utf-8"?><testsuites name="pytest tests"><testsuite name="pytest" errors="0" failures="0" skipped="0" tests="22" time="13.798" timestamp="2026-06-18T07:50:51.902870+00:00" hostname="agent-env-2dab5c1f-4f31-4adb-b6d9-f2c6333fb8d5"><testcase classname="backend.tests.test_iter7_ai_gst.TestPublicGstin" name="test_valid_gstin" time="0.004" /><testcase classname="backend.tests.test_iter7_ai_gst.TestPublicGstin" name="test_invalid_checksum" time="0.003" /><testcase classname="backend.tests.test_iter7_ai_gst.TestPublicGstin" name="test_empty" time="0.003" /><testcase classname="backend.tests.test_iter7_ai_gst.TestPublicGstin" name="test_short" time="0.002" /><testcase classname="backend.tests.test_iter7_ai_gst.TestPublicGstin" name="test_invalid_state" time="0.002" /><testcase classname="backend.tests.test_iter7_ai_gst.TestPublicGstin" name="test_position_14_not_z" time="0.002" /><testcase classname="backend.tests.test_iter7_ai_gst.TestPublicHsn" name="test_search_laptop" time="0.003" /><testcase classname="backend.tests.test_iter7_ai_gst.TestPublicHsn" name="test_search_cement" time="0.002" /><testcase classname="backend.tests.test_iter7_ai_gst.TestPublicHsn" name="test_search_consulting" time="0.002" /><testcase classname="backend.tests.test_iter7_ai_gst.TestPublicHsn" name="test_search_numeric" time="0.002" /><testcase classname="backend.tests.test_iter7_ai_gst.TestPublicHsn" name="test_by_code_known" time="0.002" /><testcase classname="backend.tests.test_iter7_ai_gst.TestPublicHsn" name="test_by_code_unknown" time="0.002" /><testcase classname="backend.tests.test_iter7_ai_gst.TestAuthGuards" name="test_ai_hsn_finder_requires_auth" time="0.002" /><testcase classname="backend.tests.test_iter7_ai_gst.TestAuthGuards" name="test_ai_categorize_requires_auth" time="0.002" /><testcase classname="backend.tests.test_iter7_ai_gst.TestAuthGuards" name="test_ai_chat_requires_auth" time="0.002" /><testcase classname="backend.tests.test_iter7_ai_gst.TestAiHsnFinder" name="test_empty_400" time="0.231" /><testcase classname="backend.tests.test_iter7_ai_gst.TestAiHsnFinder" name="test_basmati_rice" time="3.290" /><testcase classname="backend.tests.test_iter7_ai_gst.TestAiCategorize" name="test_broadband" time="3.020" /><testcase classname="backend.tests.test_iter7_ai_gst.TestAiCategorize" name="test_office_rent_tds_194I" time="2.614" /><testcase classname="backend.tests.test_iter7_ai_gst.TestAiChat" name="test_chat_stream_and_persist" time="4.319" /><testcase classname="backend.tests.test_iter7_ai_gst.TestAiChat" name="test_chat_sessions_list" time="0.003" /><testcase classname="backend.tests.test_iter7_ai_gst.TestEinvoice" name="test_einvoice_schema" time="0.008" /></testsuite></testsuites>