<?xml version="1.0" encoding="utf-8"?><testsuites name="pytest tests"><testsuite name="pytest" errors="0" failures="0" skipped="1" tests="14" time="2.921" timestamp="2026-06-16T16:25:08.008330+00:00" hostname="agent-env-2dab5c1f-4f31-4adb-b6d9-f2c6333fb8d5"><testcase classname="backend.tests.test_payment_gateway_settings.TestAccessControl" name="test_get_requires_super_admin" time="0.496" /><testcase classname="backend.tests.test_payment_gateway_settings.TestAccessControl" name="test_post_requires_super_admin" time="0.105" /><testcase classname="backend.tests.test_payment_gateway_settings.TestAccessControl" name="test_test_endpoint_requires_super_admin" time="0.105" /><testcase classname="backend.tests.test_payment_gateway_settings.TestAccessControl" name="test_no_auth_is_401" time="0.101" /><testcase classname="backend.tests.test_payment_gateway_settings.TestPaymentSettings" name="test_get_returns_public_view" time="0.556" /><testcase classname="backend.tests.test_payment_gateway_settings.TestPaymentSettings" name="test_save_sandbox_masks_secret" time="0.198" /><testcase classname="backend.tests.test_payment_gateway_settings.TestPaymentSettings" name="test_null_secret_preserves_existing" time="0.106" /><testcase classname="backend.tests.test_payment_gateway_settings.TestPaymentSettings" name="test_validation_requires_client_id_when_enabling_live" time="0.096" /><testcase classname="backend.tests.test_payment_gateway_settings.TestPaymentSettings" name="test_validation_requires_secret_when_no_existing" time="0.249" /><testcase classname="backend.tests.test_payment_gateway_settings.TestPaymentSettings" name="test_invalid_environment_rejected" time="0.115" /><testcase classname="backend.tests.test_payment_gateway_settings.TestPaymentSettings" name="test_mock_test_endpoint_short_circuits" time="0.195" /><testcase classname="backend.tests.test_payment_gateway_settings.TestPaymentSettings" name="test_audit_log_entry_created" time="0.207"><skipped type="pytest.skip" message="super audit-logs endpoint not exposed; skipping audit verification">/app/backend/tests/test_payment_gateway_settings.py:203: super audit-logs endpoint not exposed; skipping audit verification</skipped></testcase><testcase classname="backend.tests.test_payment_gateway_settings.TestBillingSubscribeRegression" name="test_billing_subscribe_mock_mode" time="0.207" /><testcase classname="backend.tests.test_payment_gateway_settings" name="test_zz_reset_to_mock" time="0.105" /></testsuite></testsuites>