<?xml version="1.0" encoding="utf-8"?><testsuites name="pytest tests"><testsuite name="pytest" errors="0" failures="0" skipped="0" tests="9" time="2.711" timestamp="2026-06-16T09:05:08.388138+00:00" hostname="agent-env-2dab5c1f-4f31-4adb-b6d9-f2c6333fb8d5"><testcase classname="backend.tests.test_iter3_pdf_perf_isolation.TestInvoicePDF" name="test_pdf_headers_filename_size_font" time="0.776" /><testcase classname="backend.tests.test_iter3_pdf_perf_isolation.TestInvoicePDF" name="test_pdf_inr_symbol_present" time="0.261" /><testcase classname="backend.tests.test_iter3_pdf_perf_isolation.TestDashboardAggregation" name="test_full_schema" time="0.105" /><testcase classname="backend.tests.test_iter3_pdf_perf_isolation.TestPartiesBalance" name="test_party_balance_matches_ledger" time="0.413" /><testcase classname="backend.tests.test_iter3_pdf_perf_isolation.TestInvoicesListShape" name="test_each_invoice_has_party_name_paid_due" time="0.097" /><testcase classname="backend.tests.test_iter3_pdf_perf_isolation.TestOrgIsolation" name="test_new_org_parties_scope" time="0.552" /><testcase classname="backend.tests.test_iter3_pdf_perf_isolation.TestOrgIsolation" name="test_new_org_invoices_scope" time="0.097" /><testcase classname="backend.tests.test_iter3_pdf_perf_isolation.TestOrgIsolation" name="test_new_org_dashboard_only_new_data" time="0.104" /><testcase classname="backend.tests.test_iter3_pdf_perf_isolation.TestOrgIsolation" name="test_vijay_unchanged_after_new_org" time="0.219" /></testsuite></testsuites>