<?xml version="1.0" encoding="utf-8"?><testsuites name="pytest tests"><testsuite name="pytest" errors="0" failures="0" skipped="1" tests="44" time="5.288" timestamp="2026-06-18T13:45:39.257365+00:00" hostname="agent-env-2dab5c1f-4f31-4adb-b6d9-f2c6333fb8d5"><testcase classname="backend.tests.test_launch_readiness.TestPublic" name="test_pricing" time="0.126" /><testcase classname="backend.tests.test_launch_readiness.TestPublic" name="test_gstin_valid" time="0.103" /><testcase classname="backend.tests.test_launch_readiness.TestPublic" name="test_gstin_invalid_checksum" time="0.100" /><testcase classname="backend.tests.test_launch_readiness.TestPublic" name="test_hsn_biscuit" time="0.099" /><testcase classname="backend.tests.test_launch_readiness.TestPublic" name="test_hsn_ca_filing" time="0.105" /><testcase classname="backend.tests.test_launch_readiness.TestAuth" name="test_login_owner" time="0.451" /><testcase classname="backend.tests.test_launch_readiness.TestAuth" name="test_refresh_invalid" time="0.102" /><testcase classname="backend.tests.test_launch_readiness.TestReports" name="test_pl" time="0.049" /><testcase classname="backend.tests.test_launch_readiness.TestReports" name="test_balance_sheet" time="0.051" /><testcase classname="backend.tests.test_launch_readiness.TestReports" name="test_cash_flow" time="0.046" /><testcase classname="backend.tests.test_launch_readiness.TestReports" name="test_trial_balance" time="0.051" /><testcase classname="backend.tests.test_launch_readiness.TestReports" name="test_day_book" time="0.046" /><testcase classname="backend.tests.test_launch_readiness.TestReports" name="test_stock" time="0.047" /><testcase classname="backend.tests.test_launch_readiness.TestReports" name="test_reports_rapid_navigation" time="1.285" /><testcase classname="backend.tests.test_launch_readiness.TestDashboard" name="test_dashboard" time="0.052" /><testcase classname="backend.tests.test_launch_readiness.TestParties" name="test_list" time="0.048" /><testcase classname="backend.tests.test_launch_readiness.TestParties" name="test_crud" time="0.048"><skipped type="pytest.skip" message="Subscription gating blocks writes for seeded org: {&quot;detail&quot;:&quot;Subscription required (pending_authorisation). Visit /settings → Billing.&quot;}">/app/backend/tests/test_launch_readiness.py:159: Subscription gating blocks writes for seeded org: {"detail":"Subscription required (pending_authorisation). Visit /settings → Billing."}</skipped></testcase><testcase classname="backend.tests.test_launch_readiness.TestP0Bugs" name="test_p0_subscription_gating_blocks_seed_org" time="0.044" /><testcase classname="backend.tests.test_launch_readiness.TestProducts" name="test_list" time="0.049" /><testcase classname="backend.tests.test_launch_readiness.TestInvoices" name="test_list" time="0.048" /><testcase classname="backend.tests.test_launch_readiness.TestInvoices" name="test_pdf_download" time="0.193" /><testcase classname="backend.tests.test_launch_readiness.TestInvoices" name="test_einvoice_json" time="0.089" /><testcase classname="backend.tests.test_launch_readiness.TestPurchases" name="test_list" time="0.116" /><testcase classname="backend.tests.test_launch_readiness.TestMisc" name="test_payments" time="0.077" /><testcase classname="backend.tests.test_launch_readiness.TestMisc" name="test_expenses" time="0.052" /><testcase classname="backend.tests.test_launch_readiness.TestMisc" name="test_tds" time="0.050" /><testcase classname="backend.tests.test_launch_readiness.TestMisc" name="test_bank_accounts" time="0.047" /><testcase classname="backend.tests.test_launch_readiness.TestGstReturns" name="test_gstr1" time="0.045" /><testcase classname="backend.tests.test_launch_readiness.TestGstReturns" name="test_gstr3b" time="0.048" /><testcase classname="backend.tests.test_launch_readiness.TestSettings" name="test_business" time="0.047" /><testcase classname="backend.tests.test_launch_readiness.TestSettings" name="test_roles" time="0.073" /><testcase classname="backend.tests.test_launch_readiness.TestSettings" name="test_permissions" time="0.047" /><testcase classname="backend.tests.test_launch_readiness.TestBilling" name="test_plans" time="0.052" /><testcase classname="backend.tests.test_launch_readiness.TestBilling" name="test_status" time="0.056" /><testcase classname="backend.tests.test_launch_readiness.TestBilling" name="test_launch_offer_public" time="0.096" /><testcase classname="backend.tests.test_launch_readiness.TestSuperAdmin" name="test_stats" time="0.366" /><testcase classname="backend.tests.test_launch_readiness.TestSuperAdmin" name="test_orgs" time="0.050" /><testcase classname="backend.tests.test_launch_readiness.TestSuperAdmin" name="test_users" time="0.049" /><testcase classname="backend.tests.test_launch_readiness.TestSuperAdmin" name="test_payment_settings_masked" time="0.048" /><testcase classname="backend.tests.test_launch_readiness.TestSuperAdmin" name="test_launch_offer_admin" time="0.046" /><testcase classname="backend.tests.test_launch_readiness.TestRouteGuards" name="test_owner_blocked_from_super" time="0.048" /><testcase classname="backend.tests.test_launch_readiness.TestRouteGuards" name="test_no_auth_blocked_from_dashboard" time="0.107" /><testcase classname="backend.tests.test_launch_readiness.TestPublicShare" name="test_share_link_flow" time="0.378" /><testcase classname="backend.tests.test_launch_readiness.TestAudit" name="test_audit_logs" time="0.047" /></testsuite></testsuites>