<?xml version="1.0" encoding="utf-8"?><testsuites name="pytest tests"><testsuite name="pytest" errors="0" failures="0" skipped="1" tests="42" time="10.797" timestamp="2026-06-04T05:07:55.305064+00:00" hostname="agent-env-2dab5c1f-4f31-4adb-b6d9-f2c6333fb8d5"><testcase classname="backend.tests.test_billeasy.TestAuth" name="test_login_owner" time="0.866" /><testcase classname="backend.tests.test_billeasy.TestAuth" name="test_login_bad" time="0.330" /><testcase classname="backend.tests.test_billeasy.TestAuth" name="test_me" time="0.103" /><testcase classname="backend.tests.test_billeasy.TestAuth" name="test_me_no_auth" time="0.123" /><testcase classname="backend.tests.test_billeasy.TestDashboard" name="test_dashboard" time="0.128" /><testcase classname="backend.tests.test_billeasy.TestParties" name="test_list_customers" time="0.131" /><testcase classname="backend.tests.test_billeasy.TestParties" name="test_list_suppliers" time="0.103" /><testcase classname="backend.tests.test_billeasy.TestParties" name="test_party_crud" time="0.657" /><testcase classname="backend.tests.test_billeasy.TestProducts" name="test_list_products" time="0.108" /><testcase classname="backend.tests.test_billeasy.TestProducts" name="test_create_product" time="0.104" /><testcase classname="backend.tests.test_billeasy.TestInvoices" name="test_list" time="0.104" /><testcase classname="backend.tests.test_billeasy.TestInvoices" name="test_create_intra_state" time="0.325" /><testcase classname="backend.tests.test_billeasy.TestInvoices" name="test_create_inter_state" time="0.314" /><testcase classname="backend.tests.test_billeasy.TestInvoices" name="test_pdf" time="0.244" /><testcase classname="backend.tests.test_billeasy.TestInvoices" name="test_sales_cannot_delete" time="0.541" /><testcase classname="backend.tests.test_billeasy.TestPurchases" name="test_create_purchase_and_stock" time="0.437" /><testcase classname="backend.tests.test_billeasy.TestPurchases" name="test_list" time="0.107" /><testcase classname="backend.tests.test_billeasy.TestPayments" name="test_record_payment_reduces_due" time="0.104"><skipped type="pytest.skip" message="no due">/app/backend/tests/test_billeasy.py:229: no due</skipped></testcase><testcase classname="backend.tests.test_billeasy.TestGST" name="test_gstr1" time="0.124" /><testcase classname="backend.tests.test_billeasy.TestGST" name="test_gstr3b" time="0.106" /><testcase classname="backend.tests.test_billeasy.TestReports" name="test_pl" time="0.141" /><testcase classname="backend.tests.test_billeasy.TestReports" name="test_trial_balance" time="0.113" /><testcase classname="backend.tests.test_billeasy.TestReports" name="test_day_book" time="0.100" /><testcase classname="backend.tests.test_billeasy.TestReports" name="test_stock" time="0.105" /><testcase classname="backend.tests.test_billeasy.TestTDS" name="test_tds_crud" time="0.342" /><testcase classname="backend.tests.test_billeasy.TestBusiness" name="test_get_update" time="0.229" /><testcase classname="backend.tests.test_multiorg_billing.TestAuthAndOrgs" name="test_login_returns_token_and_org_id" time="0.324" /><testcase classname="backend.tests.test_multiorg_billing.TestAuthAndOrgs" name="test_list_orgs_has_vijay" time="0.116" /><testcase classname="backend.tests.test_multiorg_billing.TestCreateOrgAndIsolation" name="test_new_org_trial_state" time="0.160" /><testcase classname="backend.tests.test_multiorg_billing.TestCreateOrgAndIsolation" name="test_user_now_has_two_orgs" time="0.108" /><testcase classname="backend.tests.test_multiorg_billing.TestCreateOrgAndIsolation" name="test_isolation_parties_empty_in_new_org" time="0.114" /><testcase classname="backend.tests.test_multiorg_billing.TestCreateOrgAndIsolation" name="test_isolation_vijay_has_seeded_parties" time="0.238" /><testcase classname="backend.tests.test_multiorg_billing.TestCreateOrgAndIsolation" name="test_isolation_create_party_does_not_leak" time="0.334" /><testcase classname="backend.tests.test_multiorg_billing.TestBilling" name="test_plans" time="0.121" /><testcase classname="backend.tests.test_multiorg_billing.TestBilling" name="test_status_for_vijay" time="0.107" /><testcase classname="backend.tests.test_multiorg_billing.TestBilling" name="test_subscribe_mock_then_activate" time="0.318" /><testcase classname="backend.tests.test_multiorg_billing.TestMembers" name="test_list_members_vijay_has_three" time="0.106" /><testcase classname="backend.tests.test_multiorg_billing.TestMembers" name="test_invite_and_remove" time="1.017" /><testcase classname="backend.tests.test_multiorg_billing.TestRoleGuard" name="test_sales_cannot_delete_invoice" time="0.531" /><testcase classname="backend.tests.test_multiorg_billing.TestPDF" name="test_pdf_with_org_id" time="0.235" /><testcase classname="backend.tests.test_multiorg_billing.TestPDF" name="test_pdf_without_org_id_still_works_via_fallback" time="0.218" /><testcase classname="backend.tests.test_multiorg_billing.TestSubscriptionGuard" name="test_writes_402_when_trial_expired" time="0.544" /></testsuite></testsuites>